c:\users\inksmallfrog\desktop\myproject\geer\geer\proj.win32\debug.win32\enemy.obj
c:\users\inksmallfrog\desktop\myproject\geer\geer\proj.win32\debug.win32\operatelayer.obj
c:\users\inksmallfrog\desktop\myproject\geer\geer\proj.win32\debug.win32\gamelayer.obj
c:\users\inksmallfrog\desktop\myproject\geer\geer\proj.win32\debug.win32\talkinglayer.obj
c:\users\inksmallfrog\desktop\myproject\geer\geer\proj.win32\debug.win32\enterlayer.obj
c:\users\inksmallfrog\desktop\myproject\geer\geer\proj.win32\debug.win32\role.obj
c:\users\inksmallfrog\desktop\myproject\geer\geer\proj.win32\debug.win32\formater.obj
c:\users\inksmallfrog\desktop\myproject\geer\geer\proj.win32\debug.win32\npc.obj
c:\users\inksmallfrog\desktop\myproject\geer\geer\proj.win32\debug.win32\gamescene.obj
c:\users\inksmallfrog\desktop\myproject\geer\geer\proj.win32\debug.win32\hero.obj
c:\users\inksmallfrog\desktop\myproject\geer\geer\proj.win32\debug.win32\appdelegate.obj
c:\users\inksmallfrog\desktop\myproject\geer\geer\proj.win32\debug.win32\keyboard.obj
c:\users\inksmallfrog\desktop\myproject\geer\geer\proj.win32\debug.win32\enterscene.obj
c:\users\inksmallfrog\desktop\myproject\geer\geer\proj.win32\debug.win32\main.obj
c:\users\inksmallfrog\desktop\myproject\geer\geer\proj.win32\debug.win32\global.obj
c:\users\inksmallfrog\desktop\myproject\geer\geer\proj.win32\debug.win32\maplayer.obj
c:\users\inksmallfrog\desktop\myproject\geer\geer\proj.win32\debug.win32\vc120.pdb
c:\users\inksmallfrog\desktop\myproject\geer\geer\proj.win32\debug.win32\vc120.idb
c:\users\inksmallfrog\desktop\myproject\geer\geer\proj.win32\debug.win32\geer.lib
c:\users\inksmallfrog\desktop\myproject\geer\geer\proj.win32\debug.win32\geer.exp
c:\users\inksmallfrog\desktop\myproject\geer\geer\proj.win32\debug.win32\geer.ilk
c:\users\inksmallfrog\desktop\myproject\geer\geer\proj.win32\debug.win32\geer.exe
c:\users\inksmallfrog\desktop\myproject\geer\geer\proj.win32\debug.win32\geer.pdb
c:\users\inksmallfrog\desktop\myproject\geer\geer\proj.win32\debug.win32\game.res
c:\users\inksmallfrog\desktop\myproject\geer\geer\proj.win32\debug.win32\geer.tlog\cl.command.1.tlog
c:\users\inksmallfrog\desktop\myproject\geer\geer\proj.win32\debug.win32\geer.tlog\cl.read.1.tlog
c:\users\inksmallfrog\desktop\myproject\geer\geer\proj.win32\debug.win32\geer.tlog\cl.write.1.tlog
c:\users\inksmallfrog\desktop\myproject\geer\geer\proj.win32\debug.win32\geer.tlog\geer.write.1u.tlog
c:\users\inksmallfrog\desktop\myproject\geer\geer\proj.win32\debug.win32\geer.tlog\link.command.1.tlog
c:\users\inksmallfrog\desktop\myproject\geer\geer\proj.win32\debug.win32\geer.tlog\link.read.1.tlog
c:\users\inksmallfrog\desktop\myproject\geer\geer\proj.win32\debug.win32\geer.tlog\link.write.1.tlog
c:\users\inksmallfrog\desktop\myproject\geer\geer\proj.win32\debug.win32\geer.tlog\rc.command.1.tlog
c:\users\inksmallfrog\desktop\myproject\geer\geer\proj.win32\debug.win32\geer.tlog\rc.read.1.tlog
c:\users\inksmallfrog\desktop\myproject\geer\geer\proj.win32\debug.win32\geer.tlog\rc.write.1.tlog
